0    2.733135537940343   0.9926259310735519   43.76419191699941
1    2.614344073803533   0.9924584645894722   43.95717616368369
2    3.059071083095107   0.9909171332123435   43.274907921417196
3    3.0307484661839017   0.9925230103058146   43.31530466823395
4    2.806899993086179   0.9926109792513493   43.648534214164215
5    2.381880378877376   0.9933309271248519   44.36160414005775
6    2.7076505935364796   0.990633799533937   43.804877404004266
7    3.223355487619752   0.9880990284833627   43.04772156566222
8    3.749545341136933   0.9860606249765144   42.39101751221885
9    4.260070881692504   0.9833427107815016   41.83663535645045
10    4.03320738155573   0.983457049430185   42.07429807506519
11    3.722851981110239   0.986480564902056   42.42204591655956
12    4.280806331857383   0.98359776742703   41.81554780524426
13    4.2449747044341635   0.9844344542007235   41.85205254216653
14    4.362650939227516   0.9851644383415743   41.73329894897324
15    4.6755043331619905   0.9788065955866644   41.4325189703994
16    4.467070674277881   0.9786355639907843   41.63057537295536
17    4.434296158019881   0.9801032459653743   41.66255665436627
18    4.267661054447841   0.9813031621539872   41.828904412186525
19    4.016013010007004   0.9826776334649224   42.09285249817327
20    3.657092527963399   0.9848846230281175   42.499444123221636
21    3.7166265364463564   0.9859890166235182   42.42931437466352
22    3.4786558330101873   0.9864561559361963   42.71668897690404
23    3.3986989992996   0.9874897115074942   42.81767657223863
24    4.079367655944233   0.9863909734618238   42.024875126843355
25    4.108168228288348   0.9861136212485512   41.99432141346418
26    3.857629401172945   0.9870391014075214   42.26759857818327
27    4.177270363456549   0.9841237320222246   41.9218777606067
28    3.995596196797398   0.9849315092409908   42.114987697934374
29    3.6698981263545827   0.9873015670860436   42.48426352140652
30    2.7564314728448926   0.9854972437570613   43.727331608366825
31    2.7604215043072715   0.9855295474358359   43.72104958868623
32    3.1829898199689084   0.9838675384422064   43.10245111231638
33    3.184319830456368   0.9838009988050677   43.10063679432122
34    3.299431147973478   0.9829257733716514   42.94641290866292
35    3.1121242447829793   0.984229176440948   43.200234339427574
36    2.7256362791975457   0.9861299141866664   43.77612459654125
37    2.2244774257974065   0.9918418561326044   44.65852358022042
38    2.407451983350885   0.9925746976512658   44.31522726991882
39    2.4602359569425456   0.9916645379121709   44.221035993401955
40    2.408925896612398   0.9926154556944216   44.3125692043259
41    2.1975087377328335   0.9939363868015182   44.711497502772275
42    1.6845803816912064   0.993569529947548   45.86588622195441
43    1.6894948794596232   0.993414581733744   45.85323481019677
44    2.048019919632481   0.9935012989558519   45.01746184470173
45    3.651443497447906   0.9901661454562246   42.506157761249874
46    3.477693979849251   0.9899945047407893   42.717889973214156
47    2.3562356778583777   0.9937124371356479   44.40861633125355
48    2.5195457033030046   0.9930229315423394   44.11758120219276
49    2.8615764330863   0.9910752973999819   43.56475010405332
50    2.4338254372136934   0.9934595110357692   44.26790935032006
51    2.045490719361246   0.99392384125451   45.02282847475631
52    1.9262759924385633   0.9942818017263214   45.283618488966695
53    3.0453337345168245   0.9853295105640791   43.29445467473093
54    2.754811476464265   0.9889834801489451   43.72988477292714
55    2.4019793172467474   0.9931807630302375   44.32511097369833
56    3.442906574394464   0.9856825102872175   42.76155122878733
57    3.67493235479447   0.9836273399257083   42.47831011518409
58    3.3647717287737957   0.9870695837337394   42.86124754506026
59    2.676733319815194   0.9921465308884022   43.85475255837834
60    2.607908547606744   0.9926428134643333   43.96788003089519
61    2.954273803372122   0.9904764726001627   43.42629617426478
62    3.1996520169281992   0.9898266219962686   43.07977612343508
63    3.764699341317757   0.9895200622249737   42.37350062833316
64    3.8607566233432102   0.9892898499981023   42.264079356930964
65    3.4249536131588183   0.9900270740487317   42.784256669914605
66    2.821155015992831   0.9909147901154608   43.62653410571938
67    2.3757083396018253   0.9922167837946367   44.37287238648182
68    2.6407467245766316   0.991880223470157   43.9135361107844
69    2.0335315266994156   0.9934312299281629   45.048294510240574
70    2.254771140080629   0.9935375550317702   44.59977893431816
71    3.1356722546081306   0.9901082014425695   43.16749697625151
72    3.0414951311354828   0.9902348170806664   43.299932352926035
73    3.044206764812436   0.9895890253337146   43.296062141598185
74    3.2409703696384855   0.9874951145079859   43.024053003266985
75    3.4018130619504   0.9858888034517815   42.813699164926085
76    3.540888581497217   0.9849128228104825   42.63968099515683
77    3.2967729363589457   0.9869289318365103   42.94991324517058
78    3.0653591542337715   0.9891958108221673   43.265989947169466
79    3.1047629241730617   0.9889327415847142   43.210519172745734
80    3.2192086860103855   0.9882893514668316   43.05331230021035
81    4.061643008486206   0.9857825905225078   42.043786117296484
82    4.355224011680884   0.9848467642057965   41.74069862939874
83    4.15119004490114   0.984081709380605   41.9490774467499
84    4.348639791851925   0.982637290704699   41.74726925354762
85    4.125786318874947   0.985009699795111   41.975736294597155
86    4.304647103382406   0.9856531569007682   41.79142807246816
87    4.328958491146022   0.9814201336145517   41.766969393311825
88    4.195086673473196   0.9814597741009491   41.90339422777737
89    3.7349926994477927   0.9840795804828847   42.407906036034106
90    3.205697175290101   0.9870648678752542   43.07157866340756
91    3.5151582518196487   0.9842102040192092   42.671354792090966
92    3.7453616792367903   0.9824716368526062   42.395865981882736
93    3.470586459396854   0.9853985723888745   42.726774928322406
94    2.9535124987649444   0.9895511947127568   43.427415478094886
95    2.36772003205656   0.9920804030890239   44.38750012361454
96    3.0835144748542636   0.9896706560153219   43.24034369404572
97    3.0406498040378094   0.9901968506154208   43.301139561567716
98    2.657282986968789   0.9916952492188115   43.88642553866489
99    2.7335298444378573   0.9906790204244178   43.763565410255836
100    3.465481561988824   0.9864354581940499   42.733167683319806
101    3.6258933570464054   0.9840967657664187   42.53665334171675
102    3.8782783870719846   0.9843862548571637   42.24441380872554
103    3.8675608470836216   0.9832557347231546   42.25643205828171
104    3.4579422323222344   0.9860197844323367   42.74262627104455
105    2.6670399279825228   0.9907674156185063   43.87050843351007
106    2.3502728101087946   0.9926734082258292   44.419620845330854
107    2.497354235967021   0.9922318656695835   44.15600211862825
108    2.7294788613334213   0.9920369922492503   43.77000625641134
109    3.7692421697460725   0.9858728687344719   42.36826319569617
110    4.00450932604376   0.9850970112764491   42.10531051445532
111    4.0034526671716675   0.984795517323525   42.106456626588354
112    4.11044143639737   0.9827992601581529   41.991918959026215
113    4.368021934591444   0.9814893756130587   41.72795550299409
114    4.431531249656929   0.9822272173365362   41.66526544719228
115    4.143771476248504   0.9843742710630522   41.95684564261253
116    3.361717660749377   0.9886170205081121   42.86519125151602
117    2.87968909528044   0.9894859534021835   43.53734759043667
118    2.648774824622073   0.9902146750360249   43.900353208721896
119    2.2839805025853837   0.9920721112288958   44.54387968674013
120    2.619888241170723   0.9923947005637673   43.94797595226818
121    3.310556159360625   0.9882147361169734   42.931794013364055
122    2.761593057339525   0.9904305980195032   43.71920678650192
123    2.721533335528988   0.9911926845413785   43.78266702594158
124    3.6048754514815182   0.9876709101166178   42.56190096436239
125    3.900193766536025   0.9862488048381998   42.21994177008858
126    4.173259120201122   0.9841892366461199   41.92605009710058
127    4.395904005972181   0.9839738163696166   41.70032160767906
128    3.72878174093469   0.9874412841448422   42.41513397587536
129    3.2864423805289333   0.9882840949850603   42.963543384422124
130    3.6225175377927084   0.9863742778721939   42.54069864157918
131    3.4494807276400006   0.986712633747084   42.75326637995786
132    4.27272228260273   0.9832757088218779   41.82375695303886
133    5.530876395613082   0.9767326421762474   40.70286407931741
134    5.856763714608789   0.976779425853345   40.45422657671695
135    5.48461120442644   0.9796939509982191   40.73934514327621
136    5.449604233222453   0.980378076413786   40.767153972277185
137    4.961817563042739   0.981859309423552   41.174395688519965
138    4.2595181635543256   0.984378857686829   41.837198863531654
139    4.813959424299312   0.9816766620618854   41.305779354767125
140    4.833492518306272   0.982176405312305   41.288193101766815
141    3.1392813621842373   0.9905191588079146   43.16250119214391
142    2.9992424990942923   0.9907192431137287   43.360687794829005
143    3.4311662220465697   0.9881468257313403   42.776386030073155
144    3.533080284117731   0.9883384618755907   42.649268546096394
145    3.779885606384964   0.9879241089368619   42.35601704223153
146    4.241557707297258   0.9861227348929402   41.85554980820979
147    4.3459775604079525   0.9850992916610363   41.74992881270924
148    3.892487018191   0.9860879229603796   42.228531880381354
149    3.514238821372504   0.9875949871830859   42.672490888310335
150    3.788917981314978   0.9862014723591002   42.34565156661233
151    4.932681223857985   0.9818255139988308   41.1999731092225
152    5.35813325428976   0.9807484773493527   40.840668507590074
153    4.1073565414045605   0.9865264000884374   41.99517957200107
154    2.946538550209136   0.9901960812675159   43.43768233429757
155    2.6606231268319993   0.9914078504888225   43.880969991044864
156    4.421346155957361   0.986541799434436   41.675258428548105
157    5.845642723051082   0.9800280255898576   40.46248092465207
158    6.032723490212868   0.9786225831659556   40.32566940976135
159    6.330651889909868   0.9774988011438456   40.116319276888454
160    5.3271909890327045   0.9826275505324048   40.86582093593853
161    5.002412475710568   0.9824710304686471   41.13900862090088
162    4.337817958260603   0.9847181184372493   41.75809038496742
163    3.6083198849476887   0.9887464060350749   42.55775329196044
164    3.241538495317766   0.9896395575548703   43.02329177376986
165    4.4071567368178375   0.9859579996793624   41.68921864765829
166    4.145659739375775   0.9870847073597518   41.95486706953698
167    2.7685917070118236   0.9917027436900575   43.70821447183025
168    2.750971577248625   0.9914081069304329   43.73594257540332
169    4.468709174543578   0.9840142694849342   41.628982693538454
170    4.6124367376960995   0.9827569999909022   41.49149938266194
171    3.377608712358243   0.9903431551779387   42.84471024663854
172    2.958891853022868   0.9915609225508062   43.41951268804175
173    3.022554863924294   0.990708737238516   43.32706168164439
174    3.237429876274852   0.9899094985031547   43.0287999062855
175    3.1979163235956043   0.989769303034942   43.08213265021212
176    3.1470978932692204   0.9896662492154192   43.151701086298075
177    2.4569212528406283   0.9916405493302225   44.2268912380372
178    2.7873398544280867   0.9908310568352764   43.678904363224156
179    3.5799520249426386   0.9895282565617478   42.59203154179982
180    4.113435760629714   0.9858742587209512   41.98875641533192
181    4.332444093139676   0.9843861573548581   41.76347393682208
182    3.852103437297588   0.9865375689029944   42.27382420513952
183    3.031790336923229   0.9905063266724311   43.3138119644935
184    3.942391507207237   0.9854350962133761   42.17320610286006
185    4.857051894301178   0.9794099033799584   41.26707617228466
186    4.958889108454369   0.9820010735702968   41.17695964237384
187    4.562458145330391   0.9851018791507088   41.538814674768986
188    1.9566189952328565   0.9936076259931399   45.215740954436335
189    2.2469726602289857   0.9914520576965985   44.61482572642783
190    2.3110540683698   0.991997984739907   44.49270254713784
191    2.042507028480626   0.9937871211685758   45.02916801208084
192    3.3286721264719064   0.9905938078916408   42.90809341522795
193    3.3908059324450965   0.990876353448069   42.82777426554305
194    2.157179236442163   0.9939173478110206   44.79194129458531
195    1.8512712382349346   0.9951493471623301   45.456103069779004
196    3.5142321639571366   0.9871591409119874   42.67249911564389
197    4.515692865582855   0.9828869916421733   41.58355965108029
198    4.795941816403863   0.9834549743384322   41.32206455200069
199    2.9371918673348816   0.9907049226646326   43.451480438299114
200    2.3053212728680275   0.9938857196692868   44.50348903024684
201    2.4845434543454346   0.9935466432899065   44.17833763965308
202    2.73318054027625   0.9933345150056591   43.76412040900068
203    2.4683942468320907   0.9941463939469278   44.20665835348859
204    2.262785723016746   0.9945150926640295   44.584369309597854
205    1.747750886199731   0.9951557282280269   45.70600829857135
206    1.6052764535712831   0.9941381177231778   46.07530525421958
207    1.8899115837509677   0.9918293666682497   45.36638873936602
208    2.047101006396936   0.990808474972049   45.019410890707704
209    2.1453897241576008   0.9908725882340215   44.81574164730836
210    2.037167420445748   0.9929758617505285   45.040536387956244
211    1.7566414048812289   0.9947796649319725   45.683972458017266
212    2.461037770443711   0.9920644525142488   44.21962081838246
213    2.8217944016623884   0.9899205982840646   43.62554993361812
214    2.468834290836491   0.9917013683321336   44.205884199803165
215    1.8871511225196593   0.9940810366655192   45.372736811330654
216    2.0888216599437723   0.9935264420389651   44.931789986322606
217    1.9722079615368944   0.9942104784596317   45.181276532109976
218    1.6617019109318338   0.9953412775152449   45.92527241569252
219    1.634606608809029   0.9946436939535529   45.99667110403879
220    1.9413885833027746   0.9918214969743935   45.249678895219034
221    1.8992176995477326   0.9916677907926843   45.345056118795014
222    1.9723342704640834   0.9916567405158244   45.18099839960747
223    2.0275964633500387   0.9932436420983662   45.060988358372114
224    2.341722690787597   0.993039177959446   44.435448966863895
225    2.1845617895122844   0.9937894586237555   44.73716027791784
226    2.4656174876746935   0.9929763668586197   44.211546591992416
227    2.8715112251965937   0.9910693199429482   43.54969842520824
228    2.7956729006233956   0.9928544530255641   43.6659400415352
229    3.023295848103329   0.9921040421193964   43.325997132230015
230    2.8686489019272297   0.992636750670116   43.55402963296834
231    2.3190624618017357   0.9938641260679999   44.47767914752346
232    2.39881025139551   0.9932889779632442   44.330844647262694
233    2.5619035977671842   0.9924051548155598   44.04517577280263
234    2.5160127123823495   0.9921217094024163   44.1236752977689
235    4.440474374156925   0.9850057432556826   41.656509927636726
236    3.5319466341182255   0.9887344554269072   42.650662278771776
237    3.341344512172972   0.9896583119657558   42.89159104618564
238    3.5394807264308357   0.9888117104435009   42.64140809064611
239    4.229284878778852   0.9849685607382975   41.86813421260209
240    4.632209879323748   0.9841269644131913   41.47292132392224
241    4.7304412687111155   0.9830964580529299   41.38178706043923
242    4.664327247452915   0.9828443993466275   41.44291348109814
243    5.068322665484848   0.9797284503663081   41.08216105213165
244    4.881566296864064   0.9810382119639698   41.24521168999702
245    4.733073720766342   0.9807907693052828   41.37937091922274
246    4.501689176916762   0.9826044598388579   41.597048554122054
247    4.462703700205608   0.9838057496038976   41.63482307914335
248    3.8840946132814107   0.9854191640484992   42.237905604544025
249    3.4005177720785715   0.989329032999383   42.81535311932592
250    3.3421412708906986   0.9891161491956014   42.89055557479425
251    4.003145864967561   0.9864971174037036   42.1067894583241
252    4.487802810693519   0.9809170596629597   41.61046594640548
253    4.440699597745827   0.9806388252336693   41.65628965639289
254    4.317843762638555   0.9819750308833711   41.778134371474955
255    4.223484765924882   0.9834639223010969   41.87409428843077
256    3.7944798424887933   0.9869770973309967   42.339281108128866
257    3.68489282505455   0.9876412334085777   42.46655499925021
258    3.5005993853575608   0.9888518038511475   42.68937948670075
259    4.1017647357981994   0.98589047013481   42.001096138737786
260    4.840069456048706   0.9826111342706993   41.2822876695857
261    4.040266587232971   0.9858605498003851   42.06670338939361
262    3.85033044901834   0.9861069167021644   42.27582357066766
263    3.901875168009532   0.985895585441798   42.21806989892406
264    4.577172983825071   0.9836038759105468   41.52483034959933
265    5.186882300089847   0.9813430907538931   40.98173967703987
266    5.332400956110461   0.9809235370036692   40.86157563246991
267    5.001610469748597   0.9820501117921151   41.13970495429872
268    4.892655531418691   0.9802331669226803   41.23535720638376
269    5.160267168455135   0.9773720646296596   41.00408173430218
270    5.333415673140029   0.9759946783105424   40.86074928035214
271    5.671621585622501   0.9761076539528953   40.59373114143966
272    5.37341344512173   0.9793059622629791   40.828301032087715
273    4.235574186954953   0.9826808355716624   41.861680679667245
274    4.375038445424449   0.9802975382271498   41.72098487152474
275    4.829994938523647   0.9791445821726202   41.29133685224556
276    4.941841457123967   0.9812298861226582   41.19191552501299
277    4.79576337476963   0.9853737109801962   41.32222614207368
278    4.041930335680018   0.9876461807051437   42.064915368668736
279    2.4185187068775535   0.993175751315088   44.29530909928107
280    3.620275450870986   0.9864995670219883   42.54338745516443
281    4.025665802098696   0.984667954673966   42.082426425578916
282    3.376661023968149   0.9892162233256282   42.84592895971086
283    2.746766346267948   0.9911755018693428   43.742586431446
284    2.447197177197686   0.9925138664765085   44.24411397842651
285    2.8923939814444823   0.9906279044686438   43.518229116944156
286    3.4406947542277857   0.9892028802192994   42.764342155456525
287    3.9374847126461834   0.984599425654534   42.17861480222963
288    3.3794266727694993   0.9872673193095025   42.84237333363165
289    3.192360318994098   0.9882607730685368   43.08968456973871
290    2.526151364782296   0.9917578509085051   44.10620991323096
291    2.901153483821439   0.9886693480498133   43.50509655362919
292    2.713801362481625   0.9912887671162366   43.79502304697924
293    2.804411476231646   0.9912940398161084   43.652386252016
294    2.5032826943522157   0.9912729456122641   44.14570463850717
295    2.4701021740130726   0.9904621246631754   44.203654429554845
296    2.684301915853561   0.9917614059456893   43.84248999514374
297    3.058165808153094   0.9889321781632848   43.2761933250129
298    3.3518815856709363   0.9878986069976013   42.87791693271865
299    3.808581745264856   0.9868437760882335   42.3231707938502
300    3.6623050786708418   0.9899710724101011   42.49325841638276
301    4.012404249702729   0.9885280836858334   42.096756791489156
302    4.455767782371048   0.9823583481653482   41.6415781188509
303    4.9732080799567955   0.9791295852218229   41.164437302931354
304    5.19729828563679   0.9794921780364896   40.973027181092036
305    5.019153692092715   0.9812206151618378   41.12449866400074
306    4.955502599758309   0.9800443892854364   41.17992652554751
307    5.428423701271181   0.9770454906845264   40.78406622848779
308    5.600814195382674   0.977590685000887   40.64829195494027
309    5.50227766435873   0.9788716194709784   40.72537858228256
310    4.853069458470466   0.9829602617384108   41.2706385376557
311    4.1558014448214315   0.9874295584921069   41.944255711354046
312    3.8477052622401757   0.9896560000673169   42.27878563584554
313    4.462212083124457   0.9855420703795987   41.63530152978861
314    4.948477076839992   0.9823811873780559   41.18608798073485
315    4.091937237693226   0.9854680924161315   42.01151397003873
316    3.5073657800606894   0.98820127761174   42.68099300438883
317    3.250794942398462   0.989714808412848   43.01090785463919
318    3.3889924654102592   0.9890023821537223   42.830097575762345

MAX    6.330651889909868   0.9953412775152449   46.07530525421958
MIN    1.6052764535712831   0.9759946783105424   40.116319276888454
AVER   3.520422064055932   0.9874071906036705   42.84394051269783
